<?xml version="1.0" encoding="UTF-8"?>
<testsuite name="JavaTest" tests="1" skipped="0" failures="0" errors="0" timestamp="2017-05-17T06:10:59" hostname="hokedo-Inspiron-3542" time="0.002">
  <properties/>
  <testcase name="testAdd" classname="JavaTest" time="0.002"/>
  <system-out><![CDATA[]]></system-out>
  <system-err><![CDATA[]]></system-err>
</testsuite>
